<?xml version="1.0" encoding="UTF-8"?>
<!-- Generated by org.testng.reporters.JUnitReportReporter -->
<testsuite skipped="0" hostname="NANDINI" name="test.NewTest" tests="1" failures="0" timestamp="2023-05-11T16:37:01 CDT" time="0.013" errors="0">
  <testcase name="f" time="0.013" classname="test.NewTest"/>
</testsuite> <!-- test.NewTest -->
